Traceback (most recent call last):
  File "/home/donkami/devnet-candelaria/Services/Anillo_Lorawan/api_prtg.py", line 36, in get_status_prtg
    api_endpoint = os.getenv("DATA_PING").format(id_device=id_device, username=PRTG_USERNAME, password=PRTG_PASSWORD)
                   ^^^^^^^^^^^^^^^^^^^^^^^^^^^^^^^^^^^^^^^^^^^^^^^^^^^^^^^^^^^^^^^^^^^^^^^^^^^^^^^^^^^^^^^^^^^^^^^^^^
KeyError: 'id_sensor'

'id_sensor'
Error en el id 15248
Error en la funcion `get_status_prtg` en el archivo `get_status_prtg`
Datos no encontrados para el id 15248
Datos no encontrados para el id 15256
Datos no encontrados para el id 15252
Datos no encontrados para el id 15254
Datos no encontrados para el id 20894
Traceback (most recent call last):
  File "/home/donkami/devnet-candelaria/Services/Anillo_Lorawan/api_prtg.py", line 38, in get_status_prtg
    api_endpoint = os.getenv("DATA_INTERFACE").format(sensor=id_device, username=PRTG_USERNAME, password=PRTG_PASSWORD)
                   ^^^^^^^^^^^^^^^^^^^^^^^^^^^^^^^^^^^^^^^^^^^^^^^^^^^^^^^^^^^^^^^^^^^^^^^^^^^^^^^^^^^^^^^^^^^^^^^^^^^^
KeyError: 'id_device'

'id_device'
Error en el id 12311
Error en la funcion `get_status_prtg` en el archivo `get_status_prtg`
Datos no encontrados para el id 15248
Datos no encontrados para el id 15256
Datos no encontrados para el id 15252
Datos no encontrados para el id 15254
Datos no encontrados para el id 20894
